2016-06-29 09:11:42,868 INFO     (deoplete.logging) --- Deoplete Log Start ---
2016-06-29 09:11:42,923 INFO     (deoplete.logging) NVIM v0.1.5-524-gf266ff2, Python 3.5.1, neovim client 0.1.9
2016-06-29 09:24:38,329 DEBUG    (deoplete.core) /Users/replicant/.config/nvim/plugged/deoplete.nvim//rplugin/python3/deoplete/source/base.py
2016-06-29 09:24:38,330 DEBUG    (deoplete.core) /Users/replicant/.config/nvim/plugged/deoplete.nvim//rplugin/python3/deoplete/source/buffer.py
2016-06-29 09:24:38,331 DEBUG    (deoplete.core) /Users/replicant/.config/nvim/plugged/deoplete.nvim//rplugin/python3/deoplete/source/dictionary.py
2016-06-29 09:24:38,331 DEBUG    (deoplete.core) /Users/replicant/.config/nvim/plugged/deoplete.nvim//rplugin/python3/deoplete/source/file.py
2016-06-29 09:24:38,331 DEBUG    (deoplete.core) /Users/replicant/.config/nvim/plugged/deoplete.nvim//rplugin/python3/deoplete/source/member.py
2016-06-29 09:24:38,332 DEBUG    (deoplete.core) /Users/replicant/.config/nvim/plugged/deoplete.nvim//rplugin/python3/deoplete/source/omni.py
2016-06-29 09:24:38,333 DEBUG    (deoplete.core) /Users/replicant/.config/nvim/plugged/deoplete.nvim//rplugin/python3/deoplete/source/tag.py
2016-06-29 09:24:38,333 DEBUG    (deoplete.core) /Users/replicant/.config/nvim/plugged/neosnippet.vim//rplugin/python3/deoplete/sources/neosnippet.py
2016-06-29 09:27:21,972 DEBUG    (deoplete.core) /Users/replicant/.config/nvim/plugged/deoplete.nvim//rplugin/python3/deoplete/source/base.py
2016-06-29 09:27:21,973 DEBUG    (deoplete.core) /Users/replicant/.config/nvim/plugged/deoplete.nvim//rplugin/python3/deoplete/source/buffer.py
2016-06-29 09:27:21,974 DEBUG    (deoplete.core) /Users/replicant/.config/nvim/plugged/deoplete.nvim//rplugin/python3/deoplete/source/dictionary.py
2016-06-29 09:27:21,974 DEBUG    (deoplete.core) /Users/replicant/.config/nvim/plugged/deoplete.nvim//rplugin/python3/deoplete/source/file.py
2016-06-29 09:27:21,975 DEBUG    (deoplete.core) /Users/replicant/.config/nvim/plugged/deoplete.nvim//rplugin/python3/deoplete/source/member.py
2016-06-29 09:27:21,975 DEBUG    (deoplete.core) /Users/replicant/.config/nvim/plugged/deoplete.nvim//rplugin/python3/deoplete/source/omni.py
2016-06-29 09:27:21,976 DEBUG    (deoplete.core) /Users/replicant/.config/nvim/plugged/deoplete.nvim//rplugin/python3/deoplete/source/tag.py
2016-06-29 09:27:21,991 DEBUG    (deoplete.core) /Users/replicant/.config/nvim/plugged/deoplete-ternjs//rplugin/python3/deoplete/sources/ternjs.py
2016-06-29 09:27:22,101 DEBUG    (deoplete.core) Loaded Source: ternjs (/Users/replicant/.config/nvim/plugged/deoplete-ternjs//rplugin/python3/deoplete/sources/ternjs.py)
2016-06-29 09:27:22,101 DEBUG    (deoplete.core) /Users/replicant/.config/nvim/plugged/neosnippet.vim//rplugin/python3/deoplete/sources/neosnippet.py
2016-06-29 09:33:54,493 INFO     (deoplete.logging) --- Deoplete Log Start ---
2016-06-29 09:33:54,496 INFO     (deoplete.logging) NVIM v0.1.5-524-gf266ff2, Python 3.5.1, neovim client 0.1.9
2016-06-29 09:34:00,974 INFO     (deoplete.logging) --- Deoplete Log Start ---
2016-06-29 09:34:00,978 INFO     (deoplete.logging) NVIM v0.1.5-524-gf266ff2, Python 3.5.1, neovim client 0.1.9
2016-06-29 10:33:47,659 INFO     (deoplete.logging) --- Deoplete Log Start ---
2016-06-29 10:33:47,662 INFO     (deoplete.logging) NVIM v0.1.5-524-gf266ff2, Python 3.5.1, neovim client 0.1.9
2016-06-29 10:37:30,394 INFO     (deoplete.logging) --- Deoplete Log Start ---
2016-06-29 10:37:30,394 INFO     (deoplete.logging) NVIM v0.1.5-524-gf266ff2, Python 3.5.1, neovim client 0.1.9
2016-06-29 10:37:30,401 DEBUG    (deoplete.core) Loaded Source: ternjs (/Users/replicant/.config/nvim/plugged/deoplete-ternjs//rplugin/python3/deoplete/sources/ternjs.py)
2016-06-29 10:37:30,401 DEBUG    (deoplete.core) /Users/replicant/.config/nvim/plugged/neosnippet.vim//rplugin/python3/deoplete/sources/neosnippet.py
2016-06-29 10:37:30,401 DEBUG    (deoplete.core) Loaded Source: neosnippet (/Users/replicant/.config/nvim/plugged/neosnippet.vim//rplugin/python3/deoplete/sources/neosnippet.py)
2016-06-29 10:37:30,403 DEBUG    (deoplete.core) Loaded Filter: converter_auto_delimiter (/Users/replicant/.config/nvim/plugged/deoplete.nvim//rplugin/python3/deoplete/filter/converter_auto_delimiter.py)
2016-06-29 10:37:30,403 DEBUG    (deoplete.core) Loaded Filter: converter_auto_paren (/Users/replicant/.config/nvim/plugged/deoplete.nvim//rplugin/python3/deoplete/filter/converter_auto_paren.py)
2016-06-29 10:37:30,403 DEBUG    (deoplete.core) Loaded Filter: converter_remove_overlap (/Users/replicant/.config/nvim/plugged/deoplete.nvim//rplugin/python3/deoplete/filter/converter_remove_overlap.py)
2016-06-29 10:37:30,404 DEBUG    (deoplete.core) Loaded Filter: converter_remove_paren (/Users/replicant/.config/nvim/plugged/deoplete.nvim//rplugin/python3/deoplete/filter/converter_remove_paren.py)
2016-06-29 10:37:30,404 DEBUG    (deoplete.core) Loaded Filter: converter_truncate_abbr (/Users/replicant/.config/nvim/plugged/deoplete.nvim//rplugin/python3/deoplete/filter/converter_truncate_abbr.py)
2016-06-29 10:37:30,404 DEBUG    (deoplete.core) Loaded Filter: converter_truncate_menu (/Users/replicant/.config/nvim/plugged/deoplete.nvim//rplugin/python3/deoplete/filter/converter_truncate_menu.py)
2016-06-29 10:37:30,404 DEBUG    (deoplete.core) Loaded Filter: matcher_full_fuzzy (/Users/replicant/.config/nvim/plugged/deoplete.nvim//rplugin/python3/deoplete/filter/matcher_full_fuzzy.py)
2016-06-29 10:37:30,404 DEBUG    (deoplete.core) Loaded Filter: matcher_fuzzy (/Users/replicant/.config/nvim/plugged/deoplete.nvim//rplugin/python3/deoplete/filter/matcher_fuzzy.py)
2016-06-29 10:37:30,405 DEBUG    (deoplete.core) Loaded Filter: matcher_head (/Users/replicant/.config/nvim/plugged/deoplete.nvim//rplugin/python3/deoplete/filter/matcher_head.py)
2016-06-29 10:37:30,405 DEBUG    (deoplete.core) Loaded Filter: matcher_length (/Users/replicant/.config/nvim/plugged/deoplete.nvim//rplugin/python3/deoplete/filter/matcher_length.py)
2016-06-29 10:37:30,405 DEBUG    (deoplete.core) Loaded Filter: sorter_rank (/Users/replicant/.config/nvim/plugged/deoplete.nvim//rplugin/python3/deoplete/filter/sorter_rank.py)
2016-06-29 10:37:30,405 DEBUG    (deoplete.core) Loaded Filter: sorter_word (/Users/replicant/.config/nvim/plugged/deoplete.nvim//rplugin/python3/deoplete/filter/sorter_word.py)
2016-06-29 10:38:34,396 INFO     (deoplete.logging) --- Deoplete Log Start ---
2016-06-29 10:38:34,396 INFO     (deoplete.logging) NVIM v0.1.5-524-gf266ff2, Python 3.5.1, neovim client 0.1.9
2016-06-29 10:38:34,403 DEBUG    (deoplete.core) Loaded Source: ternjs (/Users/replicant/.config/nvim/plugged/deoplete-ternjs//rplugin/python3/deoplete/sources/ternjs.py)
2016-06-29 10:38:34,403 DEBUG    (deoplete.core) /Users/replicant/.config/nvim/plugged/neosnippet.vim//rplugin/python3/deoplete/sources/neosnippet.py
2016-06-29 10:38:34,403 DEBUG    (deoplete.core) Loaded Source: neosnippet (/Users/replicant/.config/nvim/plugged/neosnippet.vim//rplugin/python3/deoplete/sources/neosnippet.py)
2016-06-29 10:38:34,405 DEBUG    (deoplete.core) Loaded Filter: converter_auto_delimiter (/Users/replicant/.config/nvim/plugged/deoplete.nvim//rplugin/python3/deoplete/filter/converter_auto_delimiter.py)
2016-06-29 10:38:34,405 DEBUG    (deoplete.core) Loaded Filter: converter_auto_paren (/Users/replicant/.config/nvim/plugged/deoplete.nvim//rplugin/python3/deoplete/filter/converter_auto_paren.py)
2016-06-29 10:38:34,405 DEBUG    (deoplete.core) Loaded Filter: converter_remove_overlap (/Users/replicant/.config/nvim/plugged/deoplete.nvim//rplugin/python3/deoplete/filter/converter_remove_overlap.py)
2016-06-29 10:38:34,405 DEBUG    (deoplete.core) Loaded Filter: converter_remove_paren (/Users/replicant/.config/nvim/plugged/deoplete.nvim//rplugin/python3/deoplete/filter/converter_remove_paren.py)
2016-06-29 10:38:34,406 DEBUG    (deoplete.core) Loaded Filter: converter_truncate_abbr (/Users/replicant/.config/nvim/plugged/deoplete.nvim//rplugin/python3/deoplete/filter/converter_truncate_abbr.py)
2016-06-29 10:38:34,406 DEBUG    (deoplete.core) Loaded Filter: converter_truncate_menu (/Users/replicant/.config/nvim/plugged/deoplete.nvim//rplugin/python3/deoplete/filter/converter_truncate_menu.py)
2016-06-29 10:38:34,406 DEBUG    (deoplete.core) Loaded Filter: matcher_full_fuzzy (/Users/replicant/.config/nvim/plugged/deoplete.nvim//rplugin/python3/deoplete/filter/matcher_full_fuzzy.py)
2016-06-29 10:38:34,406 DEBUG    (deoplete.core) Loaded Filter: matcher_fuzzy (/Users/replicant/.config/nvim/plugged/deoplete.nvim//rplugin/python3/deoplete/filter/matcher_fuzzy.py)
2016-06-29 10:38:34,406 DEBUG    (deoplete.core) Loaded Filter: matcher_head (/Users/replicant/.config/nvim/plugged/deoplete.nvim//rplugin/python3/deoplete/filter/matcher_head.py)
2016-06-29 10:38:34,407 DEBUG    (deoplete.core) Loaded Filter: matcher_length (/Users/replicant/.config/nvim/plugged/deoplete.nvim//rplugin/python3/deoplete/filter/matcher_length.py)
2016-06-29 10:38:34,407 DEBUG    (deoplete.core) Loaded Filter: sorter_rank (/Users/replicant/.config/nvim/plugged/deoplete.nvim//rplugin/python3/deoplete/filter/sorter_rank.py)
2016-06-29 10:38:34,407 DEBUG    (deoplete.core) Loaded Filter: sorter_word (/Users/replicant/.config/nvim/plugged/deoplete.nvim//rplugin/python3/deoplete/filter/sorter_word.py)
2016-06-29 10:46:29,142 INFO     (deoplete.logging) --- Deoplete Log Start ---
2016-06-29 10:46:29,241 INFO     (deoplete.logging) NVIM v0.1.5-524-gf266ff2, Python 3.5.1, neovim client 0.1.9
2016-06-29 10:46:37,672 DEBUG    (deoplete.core) /Users/replicant/.config/nvim/plugged/deoplete.nvim//rplugin/python3/deoplete/source/base.py
2016-06-29 10:46:37,672 DEBUG    (deoplete.core) /Users/replicant/.config/nvim/plugged/deoplete.nvim//rplugin/python3/deoplete/source/buffer.py
2016-06-29 10:46:37,673 DEBUG    (deoplete.core) /Users/replicant/.config/nvim/plugged/deoplete.nvim//rplugin/python3/deoplete/source/dictionary.py
2016-06-29 10:46:37,673 DEBUG    (deoplete.core) /Users/replicant/.config/nvim/plugged/deoplete.nvim//rplugin/python3/deoplete/source/file.py
2016-06-29 10:46:37,674 DEBUG    (deoplete.core) /Users/replicant/.config/nvim/plugged/deoplete.nvim//rplugin/python3/deoplete/source/member.py
2016-06-29 10:46:37,674 DEBUG    (deoplete.core) /Users/replicant/.config/nvim/plugged/deoplete.nvim//rplugin/python3/deoplete/source/omni.py
2016-06-29 10:46:37,674 DEBUG    (deoplete.core) /Users/replicant/.config/nvim/plugged/deoplete.nvim//rplugin/python3/deoplete/source/tag.py
2016-06-29 10:46:37,674 DEBUG    (deoplete.core) /Users/replicant/.config/nvim/plugged/neosnippet.vim//rplugin/python3/deoplete/sources/neosnippet.py
2016-06-29 11:51:01,498 DEBUG    (deoplete.core) /Users/replicant/.config/nvim/plugged/deoplete.nvim//rplugin/python3/deoplete/source/base.py
2016-06-29 11:51:01,499 DEBUG    (deoplete.core) /Users/replicant/.config/nvim/plugged/deoplete.nvim//rplugin/python3/deoplete/source/buffer.py
2016-06-29 11:51:01,500 DEBUG    (deoplete.core) /Users/replicant/.config/nvim/plugged/deoplete.nvim//rplugin/python3/deoplete/source/dictionary.py
2016-06-29 11:51:01,501 DEBUG    (deoplete.core) /Users/replicant/.config/nvim/plugged/deoplete.nvim//rplugin/python3/deoplete/source/file.py
2016-06-29 11:51:01,501 DEBUG    (deoplete.core) /Users/replicant/.config/nvim/plugged/deoplete.nvim//rplugin/python3/deoplete/source/member.py
2016-06-29 11:51:01,502 DEBUG    (deoplete.core) /Users/replicant/.config/nvim/plugged/deoplete.nvim//rplugin/python3/deoplete/source/omni.py
2016-06-29 11:51:01,503 DEBUG    (deoplete.core) /Users/replicant/.config/nvim/plugged/deoplete.nvim//rplugin/python3/deoplete/source/tag.py
2016-06-29 11:51:01,503 DEBUG    (deoplete.core) /Users/replicant/.config/nvim/plugged/neco-look//rplugin/python3/deoplete/sources/look.py
2016-06-29 11:51:01,559 DEBUG    (deoplete.core) Loaded Source: look (/Users/replicant/.config/nvim/plugged/neco-look//rplugin/python3/deoplete/sources/look.py)
2016-06-29 11:51:01,560 DEBUG    (deoplete.core) /Users/replicant/.config/nvim/plugged/neosnippet.vim//rplugin/python3/deoplete/sources/neosnippet.py
2016-06-29 12:03:04,149 INFO     (deoplete.logging) --- Deoplete Log Start ---
2016-06-29 12:03:04,152 INFO     (deoplete.logging) NVIM v0.1.5-524-gf266ff2, Python 3.5.1, neovim client 0.1.9
2016-06-29 21:10:40,598 INFO     (deoplete.logging) --- Deoplete Log Start ---
2016-06-29 21:10:40,601 INFO     (deoplete.logging) NVIM v0.1.5-526-g204f557, Python 3.5.1, neovim client 0.1.9
2016-06-29 21:11:11,428 INFO     (deoplete.logging) --- Deoplete Log Start ---
2016-06-29 21:11:11,431 INFO     (deoplete.logging) NVIM v0.1.5-526-g204f557, Python 3.5.1, neovim client 0.1.9
2016-06-29 21:15:48,357 INFO     (deoplete.logging) --- Deoplete Log Start ---
2016-06-29 21:15:48,357 INFO     (deoplete.logging) NVIM v0.1.5-526-g204f557, Python 3.5.1, neovim client 0.1.9
2016-06-29 21:15:48,364 DEBUG    (deoplete.core) Loaded Source: ternjs (/Users/replicant/.config/nvim/plugged/deoplete-ternjs//rplugin/python3/deoplete/sources/ternjs.py)
2016-06-29 21:15:48,365 DEBUG    (deoplete.core) /Users/replicant/.config/nvim/plugged/neosnippet.vim//rplugin/python3/deoplete/sources/neosnippet.py
2016-06-29 21:15:48,365 DEBUG    (deoplete.core) Loaded Source: neosnippet (/Users/replicant/.config/nvim/plugged/neosnippet.vim//rplugin/python3/deoplete/sources/neosnippet.py)
2016-06-29 21:15:48,367 DEBUG    (deoplete.core) Loaded Filter: converter_auto_delimiter (/Users/replicant/.config/nvim/plugged/deoplete.nvim//rplugin/python3/deoplete/filter/converter_auto_delimiter.py)
2016-06-29 21:15:48,367 DEBUG    (deoplete.core) Loaded Filter: converter_auto_paren (/Users/replicant/.config/nvim/plugged/deoplete.nvim//rplugin/python3/deoplete/filter/converter_auto_paren.py)
2016-06-29 21:15:48,367 DEBUG    (deoplete.core) Loaded Filter: converter_remove_overlap (/Users/replicant/.config/nvim/plugged/deoplete.nvim//rplugin/python3/deoplete/filter/converter_remove_overlap.py)
2016-06-29 21:15:48,367 DEBUG    (deoplete.core) Loaded Filter: converter_remove_paren (/Users/replicant/.config/nvim/plugged/deoplete.nvim//rplugin/python3/deoplete/filter/converter_remove_paren.py)
2016-06-29 21:15:48,367 DEBUG    (deoplete.core) Loaded Filter: converter_truncate_abbr (/Users/replicant/.config/nvim/plugged/deoplete.nvim//rplugin/python3/deoplete/filter/converter_truncate_abbr.py)
2016-06-29 21:15:48,367 DEBUG    (deoplete.core) Loaded Filter: converter_truncate_menu (/Users/replicant/.config/nvim/plugged/deoplete.nvim//rplugin/python3/deoplete/filter/converter_truncate_menu.py)
2016-06-29 21:15:48,368 DEBUG    (deoplete.core) Loaded Filter: matcher_full_fuzzy (/Users/replicant/.config/nvim/plugged/deoplete.nvim//rplugin/python3/deoplete/filter/matcher_full_fuzzy.py)
2016-06-29 21:15:48,368 DEBUG    (deoplete.core) Loaded Filter: matcher_fuzzy (/Users/replicant/.config/nvim/plugged/deoplete.nvim//rplugin/python3/deoplete/filter/matcher_fuzzy.py)
2016-06-29 21:15:48,368 DEBUG    (deoplete.core) Loaded Filter: matcher_head (/Users/replicant/.config/nvim/plugged/deoplete.nvim//rplugin/python3/deoplete/filter/matcher_head.py)
2016-06-29 21:15:48,368 DEBUG    (deoplete.core) Loaded Filter: matcher_length (/Users/replicant/.config/nvim/plugged/deoplete.nvim//rplugin/python3/deoplete/filter/matcher_length.py)
2016-06-29 21:15:48,368 DEBUG    (deoplete.core) Loaded Filter: sorter_rank (/Users/replicant/.config/nvim/plugged/deoplete.nvim//rplugin/python3/deoplete/filter/sorter_rank.py)
2016-06-29 21:15:48,368 DEBUG    (deoplete.core) Loaded Filter: sorter_word (/Users/replicant/.config/nvim/plugged/deoplete.nvim//rplugin/python3/deoplete/filter/sorter_word.py)
2016-06-29 21:15:59,913 INFO     (deoplete.logging) --- Deoplete Log Start ---
2016-06-29 21:15:59,913 INFO     (deoplete.logging) NVIM v0.1.5-526-g204f557, Python 3.5.1, neovim client 0.1.9
2016-06-29 21:15:59,918 DEBUG    (deoplete.core) Loaded Source: ternjs (/Users/replicant/.config/nvim/plugged/deoplete-ternjs//rplugin/python3/deoplete/sources/ternjs.py)
2016-06-29 21:15:59,918 DEBUG    (deoplete.core) /Users/replicant/.config/nvim/plugged/neosnippet.vim//rplugin/python3/deoplete/sources/neosnippet.py
2016-06-29 21:15:59,918 DEBUG    (deoplete.core) Loaded Source: neosnippet (/Users/replicant/.config/nvim/plugged/neosnippet.vim//rplugin/python3/deoplete/sources/neosnippet.py)
2016-06-29 21:15:59,920 DEBUG    (deoplete.core) Loaded Filter: converter_auto_delimiter (/Users/replicant/.config/nvim/plugged/deoplete.nvim//rplugin/python3/deoplete/filter/converter_auto_delimiter.py)
2016-06-29 21:15:59,920 DEBUG    (deoplete.core) Loaded Filter: converter_auto_paren (/Users/replicant/.config/nvim/plugged/deoplete.nvim//rplugin/python3/deoplete/filter/converter_auto_paren.py)
2016-06-29 21:15:59,920 DEBUG    (deoplete.core) Loaded Filter: converter_remove_overlap (/Users/replicant/.config/nvim/plugged/deoplete.nvim//rplugin/python3/deoplete/filter/converter_remove_overlap.py)
2016-06-29 21:15:59,920 DEBUG    (deoplete.core) Loaded Filter: converter_remove_paren (/Users/replicant/.config/nvim/plugged/deoplete.nvim//rplugin/python3/deoplete/filter/converter_remove_paren.py)
2016-06-29 21:15:59,920 DEBUG    (deoplete.core) Loaded Filter: converter_truncate_abbr (/Users/replicant/.config/nvim/plugged/deoplete.nvim//rplugin/python3/deoplete/filter/converter_truncate_abbr.py)
2016-06-29 21:15:59,921 DEBUG    (deoplete.core) Loaded Filter: converter_truncate_menu (/Users/replicant/.config/nvim/plugged/deoplete.nvim//rplugin/python3/deoplete/filter/converter_truncate_menu.py)
2016-06-29 21:15:59,921 DEBUG    (deoplete.core) Loaded Filter: matcher_full_fuzzy (/Users/replicant/.config/nvim/plugged/deoplete.nvim//rplugin/python3/deoplete/filter/matcher_full_fuzzy.py)
2016-06-29 21:15:59,921 DEBUG    (deoplete.core) Loaded Filter: matcher_fuzzy (/Users/replicant/.config/nvim/plugged/deoplete.nvim//rplugin/python3/deoplete/filter/matcher_fuzzy.py)
2016-06-29 21:15:59,921 DEBUG    (deoplete.core) Loaded Filter: matcher_head (/Users/replicant/.config/nvim/plugged/deoplete.nvim//rplugin/python3/deoplete/filter/matcher_head.py)
2016-06-29 21:15:59,921 DEBUG    (deoplete.core) Loaded Filter: matcher_length (/Users/replicant/.config/nvim/plugged/deoplete.nvim//rplugin/python3/deoplete/filter/matcher_length.py)
2016-06-29 21:15:59,921 DEBUG    (deoplete.core) Loaded Filter: sorter_rank (/Users/replicant/.config/nvim/plugged/deoplete.nvim//rplugin/python3/deoplete/filter/sorter_rank.py)
2016-06-29 21:15:59,922 DEBUG    (deoplete.core) Loaded Filter: sorter_word (/Users/replicant/.config/nvim/plugged/deoplete.nvim//rplugin/python3/deoplete/filter/sorter_word.py)
2016-06-29 21:18:27,348 INFO     (deoplete.logging) --- Deoplete Log Start ---
2016-06-29 21:18:27,351 INFO     (deoplete.logging) NVIM v0.1.5-526-g204f557, Python 3.5.1, neovim client 0.1.9
2016-06-29 21:25:09,029 INFO     (deoplete.logging) --- Deoplete Log Start ---
2016-06-29 21:25:09,030 INFO     (deoplete.logging) NVIM v0.1.5-526-g204f557, Python 3.5.1, neovim client 0.1.9
2016-06-29 21:25:09,036 DEBUG    (deoplete.core) Loaded Source: ternjs (/Users/replicant/.config/nvim/plugged/deoplete-ternjs//rplugin/python3/deoplete/sources/ternjs.py)
2016-06-29 21:25:09,036 DEBUG    (deoplete.core) /Users/replicant/.config/nvim/plugged/neosnippet.vim//rplugin/python3/deoplete/sources/neosnippet.py
2016-06-29 21:25:09,036 DEBUG    (deoplete.core) Loaded Source: neosnippet (/Users/replicant/.config/nvim/plugged/neosnippet.vim//rplugin/python3/deoplete/sources/neosnippet.py)
2016-06-29 21:25:09,038 DEBUG    (deoplete.core) Loaded Filter: converter_auto_delimiter (/Users/replicant/.config/nvim/plugged/deoplete.nvim//rplugin/python3/deoplete/filter/converter_auto_delimiter.py)
2016-06-29 21:25:09,038 DEBUG    (deoplete.core) Loaded Filter: converter_auto_paren (/Users/replicant/.config/nvim/plugged/deoplete.nvim//rplugin/python3/deoplete/filter/converter_auto_paren.py)
2016-06-29 21:25:09,038 DEBUG    (deoplete.core) Loaded Filter: converter_remove_overlap (/Users/replicant/.config/nvim/plugged/deoplete.nvim//rplugin/python3/deoplete/filter/converter_remove_overlap.py)
2016-06-29 21:25:09,039 DEBUG    (deoplete.core) Loaded Filter: converter_remove_paren (/Users/replicant/.config/nvim/plugged/deoplete.nvim//rplugin/python3/deoplete/filter/converter_remove_paren.py)
2016-06-29 21:25:09,039 DEBUG    (deoplete.core) Loaded Filter: converter_truncate_abbr (/Users/replicant/.config/nvim/plugged/deoplete.nvim//rplugin/python3/deoplete/filter/converter_truncate_abbr.py)
2016-06-29 21:25:09,039 DEBUG    (deoplete.core) Loaded Filter: converter_truncate_menu (/Users/replicant/.config/nvim/plugged/deoplete.nvim//rplugin/python3/deoplete/filter/converter_truncate_menu.py)
2016-06-29 21:25:09,039 DEBUG    (deoplete.core) Loaded Filter: matcher_full_fuzzy (/Users/replicant/.config/nvim/plugged/deoplete.nvim//rplugin/python3/deoplete/filter/matcher_full_fuzzy.py)
2016-06-29 21:25:09,039 DEBUG    (deoplete.core) Loaded Filter: matcher_fuzzy (/Users/replicant/.config/nvim/plugged/deoplete.nvim//rplugin/python3/deoplete/filter/matcher_fuzzy.py)
2016-06-29 21:25:09,039 DEBUG    (deoplete.core) Loaded Filter: matcher_head (/Users/replicant/.config/nvim/plugged/deoplete.nvim//rplugin/python3/deoplete/filter/matcher_head.py)
2016-06-29 21:25:09,040 DEBUG    (deoplete.core) Loaded Filter: matcher_length (/Users/replicant/.config/nvim/plugged/deoplete.nvim//rplugin/python3/deoplete/filter/matcher_length.py)
2016-06-29 21:25:09,040 DEBUG    (deoplete.core) Loaded Filter: sorter_rank (/Users/replicant/.config/nvim/plugged/deoplete.nvim//rplugin/python3/deoplete/filter/sorter_rank.py)
2016-06-29 21:25:09,040 DEBUG    (deoplete.core) Loaded Filter: sorter_word (/Users/replicant/.config/nvim/plugged/deoplete.nvim//rplugin/python3/deoplete/filter/sorter_word.py)
2016-06-29 21:25:16,659 DEBUG    (deoplete.core) /Users/replicant/.config/nvim/plugged/deoplete.nvim//rplugin/python3/deoplete/source/base.py
2016-06-29 21:25:16,659 DEBUG    (deoplete.core) /Users/replicant/.config/nvim/plugged/deoplete.nvim//rplugin/python3/deoplete/source/buffer.py
2016-06-29 21:25:16,660 DEBUG    (deoplete.core) /Users/replicant/.config/nvim/plugged/deoplete.nvim//rplugin/python3/deoplete/source/dictionary.py
2016-06-29 21:25:16,660 DEBUG    (deoplete.core) /Users/replicant/.config/nvim/plugged/deoplete.nvim//rplugin/python3/deoplete/source/file.py
2016-06-29 21:25:16,660 DEBUG    (deoplete.core) /Users/replicant/.config/nvim/plugged/deoplete.nvim//rplugin/python3/deoplete/source/member.py
2016-06-29 21:25:16,660 DEBUG    (deoplete.core) /Users/replicant/.config/nvim/plugged/deoplete.nvim//rplugin/python3/deoplete/source/omni.py
2016-06-29 21:25:16,661 DEBUG    (deoplete.core) /Users/replicant/.config/nvim/plugged/deoplete.nvim//rplugin/python3/deoplete/source/tag.py
2016-06-29 21:25:16,661 DEBUG    (deoplete.core) /Users/replicant/.config/nvim/plugged/deoplete-ternjs//rplugin/python3/deoplete/sources/ternjs.py
2016-06-29 21:25:16,661 DEBUG    (deoplete.core) /Users/replicant/.config/nvim/plugged/neosnippet.vim//rplugin/python3/deoplete/sources/neosnippet.py
2016-06-29 21:27:23,238 INFO     (deoplete.logging) --- Deoplete Log Start ---
2016-06-29 21:27:23,241 INFO     (deoplete.logging) NVIM v0.1.5-526-g204f557, Python 3.5.1, neovim client 0.1.9
2016-06-29 21:27:34,309 INFO     (deoplete.logging) --- Deoplete Log Start ---
2016-06-29 21:27:34,311 INFO     (deoplete.logging) NVIM v0.1.5-526-g204f557, Python 3.5.1, neovim client 0.1.9
2016-06-29 21:27:59,443 INFO     (deoplete.logging) --- Deoplete Log Start ---
2016-06-29 21:27:59,446 INFO     (deoplete.logging) NVIM v0.1.5-526-g204f557, Python 3.5.1, neovim client 0.1.9
2016-06-29 21:28:23,682 INFO     (deoplete.logging) --- Deoplete Log Start ---
2016-06-29 21:28:23,685 INFO     (deoplete.logging) NVIM v0.1.5-526-g204f557, Python 3.5.1, neovim client 0.1.9
2016-06-30 08:44:16,978 INFO     (deoplete.logging) --- Deoplete Log Start ---
2016-06-30 08:44:16,982 INFO     (deoplete.logging) NVIM v0.1.5-526-g204f557, Python 3.5.1, neovim client 0.1.9
2016-06-30 08:58:05,401 DEBUG    (deoplete.core) /Users/replicant/.config/nvim/plugged/deoplete.nvim//rplugin/python3/deoplete/source/base.py
2016-06-30 08:58:05,402 DEBUG    (deoplete.core) /Users/replicant/.config/nvim/plugged/deoplete.nvim//rplugin/python3/deoplete/source/buffer.py
2016-06-30 08:58:05,403 DEBUG    (deoplete.core) /Users/replicant/.config/nvim/plugged/deoplete.nvim//rplugin/python3/deoplete/source/dictionary.py
2016-06-30 08:58:05,404 DEBUG    (deoplete.core) /Users/replicant/.config/nvim/plugged/deoplete.nvim//rplugin/python3/deoplete/source/file.py
2016-06-30 08:58:05,404 DEBUG    (deoplete.core) /Users/replicant/.config/nvim/plugged/deoplete.nvim//rplugin/python3/deoplete/source/member.py
2016-06-30 08:58:05,405 DEBUG    (deoplete.core) /Users/replicant/.config/nvim/plugged/deoplete.nvim//rplugin/python3/deoplete/source/omni.py
2016-06-30 08:58:05,406 DEBUG    (deoplete.core) /Users/replicant/.config/nvim/plugged/deoplete.nvim//rplugin/python3/deoplete/source/tag.py
2016-06-30 08:58:05,406 DEBUG    (deoplete.core) /Users/replicant/.config/nvim/plugged/neosnippet.vim//rplugin/python3/deoplete/sources/neosnippet.py
2016-06-30 10:18:37,732 INFO     (deoplete.logging) --- Deoplete Log Start ---
2016-06-30 10:18:37,738 INFO     (deoplete.logging) NVIM v0.1.5-526-g204f557, Python 3.5.1, neovim client 0.1.9
2017-02-04 17:57:00,013 INFO     (deoplete.logging) --- Deoplete Log Start ---
2017-02-04 17:57:00,158 INFO     (deoplete.logging) NVIM 0.1.7, Python 3.6.0, neovim client 0.1.13
2017-02-04 17:57:23,959 INFO     (deoplete.logging) --- Deoplete Log Start ---
2017-02-04 17:57:24,066 INFO     (deoplete.logging) NVIM 0.1.7, Python 3.6.0, neovim client 0.1.13
2017-02-04 18:05:23,612 INFO     (deoplete.logging) --- Deoplete Log Start ---
2017-02-04 18:05:23,942 INFO     (deoplete.logging) NVIM 0.1.7, Python 3.6.0, neovim client 0.1.13
2017-02-04 18:05:37,670 INFO     (deoplete.logging) --- Deoplete Log Start ---
2017-02-04 18:05:38,278 INFO     (deoplete.logging) NVIM 0.1.7, Python 3.6.0, neovim client 0.1.13
2017-02-04 18:05:56,735 INFO     (deoplete.logging) --- Deoplete Log Start ---
2017-02-04 18:05:56,947 INFO     (deoplete.logging) NVIM 0.1.7, Python 3.6.0, neovim client 0.1.13
2017-02-04 18:07:01,604 INFO     (deoplete.logging) --- Deoplete Log Start ---
2017-02-04 18:07:02,153 INFO     (deoplete.logging) NVIM 0.1.7, Python 3.6.0, neovim client 0.1.13
2017-02-04 18:07:08,839 INFO     (deoplete.logging) --- Deoplete Log Start ---
2017-02-04 18:07:09,052 INFO     (deoplete.logging) NVIM 0.1.7, Python 3.6.0, neovim client 0.1.13
2017-02-04 18:08:05,168 INFO     (deoplete.logging) --- Deoplete Log Start ---
2017-02-04 18:08:05,521 INFO     (deoplete.logging) NVIM 0.1.7, Python 3.6.0, neovim client 0.1.13
